<?xml version="1.0" encoding="UTF-8"?>
<!-- Generated by org.testng.reporters.JUnitReportReporter -->
<testsuite skipped="0" hostname="DESKTOP-H0PI4DT" name="actionExample.DragDropExample2" tests="1" failures="0" timestamp="2022-03-31T12:44:30 IST" time="15.835" errors="0">
  <testcase name="dragdropTest1" time="15.835" classname="actionExample.DragDropExample2"/>
  <system-out/>
</testsuite> <!-- actionExample.DragDropExample2 -->
